<?xml version="1.0" encoding="UTF-8"?>
<testsuite xmlns:xsi="http://www.w3.org/2001/XMLSchema-instance" xsi:noNamespaceSchemaLocation="https://maven.apache.org/surefire/maven-surefire-plugin/xsd/surefire-test-report-3.0.xsd" version="3.0" name="com.mk.ukim.finki.galaxia.GalaxiaApplicationTests" time="6.262" tests="1" errors="0" skipped="0" failures="0">
  <properties>
[...]
</properties>
  <testcase name="contextLoads" classname="com.mk.ukim.finki.galaxia.GalaxiaApplicationTests" time="0.547">
    <system-out><![CDATA[00:31:52.220 [main] INFO org.springframework.test.context.support.AnnotationConfigContextLoaderUtils -- Could not detect default configuration classes for test class [com.mk.ukim.finki.galaxia.GalaxiaApplicationTests]: GalaxiaApplicationTests does not declare any static, non-private, non-final, nested classes annotated with @Configuration.
00:31:52.311 [main] INFO org.springframework.boot.test.context.SpringBootTestContextBootstrapper -- Found @SpringBootConfiguration com.mk.ukim.finki.galaxia.GalaxiaApplication for test class com.mk.ukim.finki.galaxia.GalaxiaApplicationTests

  .   ____          _            __ _ _
 /\\ / ___'_ __ _ _(_)_ __  __ _ \ \ \ \
( ( )\___ | '_ | '_| | '_ \/ _` | \ \ \ \
 \\/  ___)| |_)| | | | | || (_| |  ) ) ) )
  '  |____| .__|_| |_|_| |_\__, | / / / /
 =========|_|==============|___/=/_/_/_/
 :: Spring Boot ::                (v3.1.4)

2024-07-25T00:31:52.780+02:00  INFO 20612 --- [           main] c.m.u.f.galaxia.GalaxiaApplicationTests  : Starting GalaxiaApplicationTests using Java 17.0.1 with PID 20612 (started by User in C:\Users\User\SofijaProjects\galaxia-backend)
2024-07-25T00:31:52.782+02:00  INFO 20612 --- [           main] c.m.u.f.galaxia.GalaxiaApplicationTests  : The following 1 profile is active: "test"
2024-07-25T00:31:53.566+02:00  INFO 20612 --- [           main] .s.d.r.c.RepositoryConfigurationDelegate : Bootstrapping Spring Data JPA repositories in DEFAULT mode.
2024-07-25T00:31:53.662+02:00  INFO 20612 --- [           main] .s.d.r.c.RepositoryConfigurationDelegate : Finished Spring Data repository scanning in 85 ms. Found 6 JPA repository interfaces.
2024-07-25T00:31:54.239+02:00  INFO 20612 --- [           main] o.hibernate.jpa.internal.util.LogHelper  : HHH000204: Processing PersistenceUnitInfo [name: default]
2024-07-25T00:31:54.322+02:00  INFO 20612 --- [           main] org.hibernate.Version                    : HHH000412: Hibernate ORM core version 6.2.9.Final
2024-07-25T00:31:54.324+02:00  INFO 20612 --- [           main] org.hibernate.cfg.Environment            : HHH000406: Using bytecode reflection optimizer
2024-07-25T00:31:54.514+02:00  INFO 20612 --- [           main] o.h.b.i.BytecodeProviderInitiator        : HHH000021: Bytecode provider name : bytebuddy
2024-07-25T00:31:54.685+02:00  INFO 20612 --- [           main] o.s.o.j.p.SpringPersistenceUnitInfo      : No LoadTimeWeaver setup: ignoring JPA class transformer
2024-07-25T00:31:54.706+02:00  INFO 20612 --- [           main] com.zaxxer.hikari.HikariDataSource       : HikariPool-1 - Starting...
2024-07-25T00:31:55.048+02:00  INFO 20612 --- [           main] com.zaxxer.hikari.pool.HikariPool        : HikariPool-1 - Added connection org.postgresql.jdbc.PgConnection@3a588b5f
2024-07-25T00:31:55.050+02:00  INFO 20612 --- [           main] com.zaxxer.hikari.HikariDataSource       : HikariPool-1 - Start completed.
2024-07-25T00:31:55.446+02:00  INFO 20612 --- [           main] o.h.b.i.BytecodeProviderInitiator        : HHH000021: Bytecode provider name : bytebuddy
2024-07-25T00:31:56.173+02:00  INFO 20612 --- [           main] o.h.e.t.j.p.i.JtaPlatformInitiator       : HHH000490: Using JtaPlatform implementation: [org.hibernate.engine.transaction.jta.platform.internal.NoJtaPlatform]
2024-07-25T00:31:56.319+02:00  INFO 20612 --- [           main] j.LocalContainerEntityManagerFactoryBean : Initialized JPA EntityManagerFactory for persistence unit 'default'
2024-07-25T00:31:57.024+02:00  WARN 20612 --- [           main] JpaBaseConfiguration$JpaWebConfiguration : spring.jpa.open-in-view is enabled by default. Therefore, database queries may be performed during view rendering. Explicitly configure spring.jpa.open-in-view to disable this warning
2024-07-25T00:31:57.152+02:00  INFO 20612 --- [           main] o.s.s.web.DefaultSecurityFilterChain     : Will secure any request with [org.springframework.security.web.session.DisableEncodeUrlFilter@1016b44e, org.springframework.security.web.context.request.async.WebAsyncManagerIntegrationFilter@6c6c93f8, org.springframework.security.web.context.SecurityContextHolderFilter@55731ccd, org.springframework.security.web.header.HeaderWriterFilter@66e62e19, org.springframework.security.web.authentication.logout.LogoutFilter@6bbac73d, com.mk.ukim.finki.galaxia.config.JwtAuthenticationFilter@489b7559, org.springframework.security.web.savedrequest.RequestCacheAwareFilter@41935a9d, org.springframework.security.web.servletapi.SecurityContextHolderAwareRequestFilter@2eb31735, org.springframework.security.web.authentication.AnonymousAuthenticationFilter@38e88e13, org.springframework.security.web.session.SessionManagementFilter@3f465ae, org.springframework.security.web.access.ExceptionTranslationFilter@2daa5092, org.springframework.security.web.access.intercept.AuthorizationFilter@8de8b07]
2024-07-25T00:31:57.749+02:00  INFO 20612 --- [           main] c.m.u.f.galaxia.GalaxiaApplicationTests  : Started GalaxiaApplicationTests in 5.284 seconds (process running for 6.223)
]]></system-out>
  </testcase>
</testsuite>